ahdlcmicompile: Compiling ahdlcmi in MemorySchematic.ahdlSimDB//bsource_098211.va.bsource_098211.ahdlcmi/Linux-64/ for Linux-64 with optimize using gcc on Sat Dec  5 12:55:08 -03 2020 [5.0]
ahdlcmicompile: Generating makefile
PATH:  /tools/cadence/SPECTRE161/bin:/tools/cadence/SPECTRE161/tools/bin/64bit:/tools/cadence/SPECTRE161/tools/bin:/tools/cadence/SPECTRE161/tools.lnx86/mdl/bin:/usr/lib64/qt-3.3/bin:/usr/local/bin:/usr/bin:/usr/local/sbin:/usr/sbin:/var/lib/snapd/snap/bin:/home/brunozimmer/.local/bin:/home/brunozimmer/bin
LD_LIBRARY_PATH:  /tools/cadence/SPECTRE161/tools/giganta/lib/64bit:/tools/cadence/SPECTRE161/tools/mdl/lib/64bit:/tools/cadence/SPECTRE161/tools/mmsim/lib/64bit:/tools/cadence/SPECTRE161/tools/tcltk-8.4.20/lib/64bit:/tools/cadence/SPECTRE161/tools/inca/lib/64bit:/tools/cadence/SPECTRE161/tools/spectre/lib/64bit:/tools/cadence/SPECTRE161/tools/dfII/lib/64bit:/tools/cadence/SPECTRE161/tools/lib/64bit:/tools/cadence/SPECTRE161/tools/lib
/tools/cadence/SPECTRE161/tools.lnx86/spectre/ahdlcmi/bin/gnumake -j4 -f GNUmakefile
Cleaning ./obj/optimize/5.0
rm -f -rf ./obj/optimize/5.0
Compiling C file bsource_098211.c (optimize)
/tools/cadence/SPECTRE161/tools.lnx86/spectre/ahdlcmi/bin/64bit/ahdlcc 0 /tools/cadence/SPECTRE161/tools.lnx86/cdsgcc/gcc/4.8/bin/gcc  -march=k8 -ffast-math  -fno-unsafe-math-optimizations -O3 -m64 -DSYSV -DSVR4 -D_REENTRANT -fPIC   -DconfigSPECTRE -I. -I/tools/cadence/SPECTRE161/tools.lnx86/spectre/ahdlcmi/include -c bsource_098211.c -o obj/optimize/5.0/bsource_098211.o || rm -f -f obj/optimize/5.0/bsource_098211.o
<stdin>: In function 'bsource_098211_DcFuncDerLoad':
<stdin>:179:40: warning: passing argument 1 of 'aslDevInterAddStaticElement' makes pointer from integer without a cast [enabled by default]
In file included from <stdin>:24:0:
/tools/cadence/SPECTRE161/tools.lnx86/spectre/ahdlcmi/include/ahdlDevLibGlobal.h:1989:37: note: expected 'void *' but argument is of type 'long int'
     ASL_FUNC_DECL_START extern long aslDevInterAddStaticElement( void *, double, struct ahdlFuncModeParam * );
                                     ^
<stdin>:180:40: warning: passing argument 1 of 'aslDevInterAddStaticElement' makes pointer from integer without a cast [enabled by default]
In file included from <stdin>:24:0:
/tools/cadence/SPECTRE161/tools.lnx86/spectre/ahdlcmi/include/ahdlDevLibGlobal.h:1989:37: note: expected 'void *' but argument is of type 'long int'
     ASL_FUNC_DECL_START extern long aslDevInterAddStaticElement( void *, double, struct ahdlFuncModeParam * );
                                     ^
<stdin>:181:40: warning: passing argument 1 of 'aslDevInterAddStaticElement' makes pointer from integer without a cast [enabled by default]
In file included from <stdin>:24:0:
/tools/cadence/SPECTRE161/tools.lnx86/spectre/ahdlcmi/include/ahdlDevLibGlobal.h:1989:37: note: expected 'void *' but argument is of type 'long int'
     ASL_FUNC_DECL_START extern long aslDevInterAddStaticElement( void *, double, struct ahdlFuncModeParam * );
                                     ^
<stdin>:182:40: warning: passing argument 1 of 'aslDevInterAddStaticElement' makes pointer from integer without a cast [enabled by default]
In file included from <stdin>:24:0:
/tools/cadence/SPECTRE161/tools.lnx86/spectre/ahdlcmi/include/ahdlDevLibGlobal.h:1989:37: note: expected 'void *' but argument is of type 'long int'
     ASL_FUNC_DECL_START extern long aslDevInterAddStaticElement( void *, double, struct ahdlFuncModeParam * );
                                     ^
<stdin>:183:40: warning: passing argument 1 of 'aslDevInterAddStaticElement' makes pointer from integer without a cast [enabled by default]
In file included from <stdin>:24:0:
/tools/cadence/SPECTRE161/tools.lnx86/spectre/ahdlcmi/include/ahdlDevLibGlobal.h:1989:37: note: expected 'void *' but argument is of type 'long int'
     ASL_FUNC_DECL_START extern long aslDevInterAddStaticElement( void *, double, struct ahdlFuncModeParam * );
                                     ^
<stdin>:184:40: warning: passing argument 1 of 'aslDevInterAddStaticElement' makes pointer from integer without a cast [enabled by default]
In file included from <stdin>:24:0:
/tools/cadence/SPECTRE161/tools.lnx86/spectre/ahdlcmi/include/ahdlDevLibGlobal.h:1989:37: note: expected 'void *' but argument is of type 'long int'
     ASL_FUNC_DECL_START extern long aslDevInterAddStaticElement( void *, double, struct ahdlFuncModeParam * );
                                     ^
<stdin>:185:40: warning: passing argument 1 of 'aslDevInterAddStaticElement' makes pointer from integer without a cast [enabled by default]
In file included from <stdin>:24:0:
/tools/cadence/SPECTRE161/tools.lnx86/spectre/ahdlcmi/include/ahdlDevLibGlobal.h:1989:37: note: expected 'void *' but argument is of type 'long int'
     ASL_FUNC_DECL_START extern long aslDevInterAddStaticElement( void *, double, struct ahdlFuncModeParam * );
                                     ^
<stdin>:186:40: warning: passing argument 1 of 'aslDevInterAddStaticElement' makes pointer from integer without a cast [enabled by default]
In file included from <stdin>:24:0:
/tools/cadence/SPECTRE161/tools.lnx86/spectre/ahdlcmi/include/ahdlDevLibGlobal.h:1989:37: note: expected 'void *' but argument is of type 'long int'
     ASL_FUNC_DECL_START extern long aslDevInterAddStaticElement( void *, double, struct ahdlFuncModeParam * );
                                     ^
<stdin>: In function 'bsource_098211_TranFuncDerLoad':
<stdin>:442:40: warning: passing argument 1 of 'aslDevInterAddStaticElement' makes pointer from integer without a cast [enabled by default]
In file included from <stdin>:24:0:
/tools/cadence/SPECTRE161/tools.lnx86/spectre/ahdlcmi/include/ahdlDevLibGlobal.h:1989:37: note: expected 'void *' but argument is of type 'long int'
     ASL_FUNC_DECL_START extern long aslDevInterAddStaticElement( void *, double, struct ahdlFuncModeParam * );
                                     ^
<stdin>:443:40: warning: passing argument 1 of 'aslDevInterAddStaticElement' makes pointer from integer without a cast [enabled by default]
In file included from <stdin>:24:0:
/tools/cadence/SPECTRE161/tools.lnx86/spectre/ahdlcmi/include/ahdlDevLibGlobal.h:1989:37: note: expected 'void *' but argument is of type 'long int'
     ASL_FUNC_DECL_START extern long aslDevInterAddStaticElement( void *, double, struct ahdlFuncModeParam * );
                                     ^
<stdin>:444:40: warning: passing argument 1 of 'aslDevInterAddStaticElement' makes pointer from integer without a cast [enabled by default]
In file included from <stdin>:24:0:
/tools/cadence/SPECTRE161/tools.lnx86/spectre/ahdlcmi/include/ahdlDevLibGlobal.h:1989:37: note: expected 'void *' but argument is of type 'long int'
     ASL_FUNC_DECL_START extern long aslDevInterAddStaticElement( void *, double, struct ahdlFuncModeParam * );
                                     ^
<stdin>:445:40: warning: passing argument 1 of 'aslDevInterAddStaticElement' makes pointer from integer without a cast [enabled by default]
In file included from <stdin>:24:0:
/tools/cadence/SPECTRE161/tools.lnx86/spectre/ahdlcmi/include/ahdlDevLibGlobal.h:1989:37: note: expected 'void *' but argument is of type 'long int'
     ASL_FUNC_DECL_START extern long aslDevInterAddStaticElement( void *, double, struct ahdlFuncModeParam * );
                                     ^
<stdin>:446:40: warning: passing argument 1 of 'aslDevInterAddStaticElement' makes pointer from integer without a cast [enabled by default]
In file included from <stdin>:24:0:
/tools/cadence/SPECTRE161/tools.lnx86/spectre/ahdlcmi/include/ahdlDevLibGlobal.h:1989:37: note: expected 'void *' but argument is of type 'long int'
     ASL_FUNC_DECL_START extern long aslDevInterAddStaticElement( void *, double, struct ahdlFuncModeParam * );
                                     ^
<stdin>:447:40: warning: passing argument 1 of 'aslDevInterAddStaticElement' makes pointer from integer without a cast [enabled by default]
In file included from <stdin>:24:0:
/tools/cadence/SPECTRE161/tools.lnx86/spectre/ahdlcmi/include/ahdlDevLibGlobal.h:1989:37: note: expected 'void *' but argument is of type 'long int'
     ASL_FUNC_DECL_START extern long aslDevInterAddStaticElement( void *, double, struct ahdlFuncModeParam * );
                                     ^
<stdin>:448:40: warning: passing argument 1 of 'aslDevInterAddStaticElement' makes pointer from integer without a cast [enabled by default]
In file included from <stdin>:24:0:
/tools/cadence/SPECTRE161/tools.lnx86/spectre/ahdlcmi/include/ahdlDevLibGlobal.h:1989:37: note: expected 'void *' but argument is of type 'long int'
     ASL_FUNC_DECL_START extern long aslDevInterAddStaticElement( void *, double, struct ahdlFuncModeParam * );
                                     ^
<stdin>:449:40: warning: passing argument 1 of 'aslDevInterAddStaticElement' makes pointer from integer without a cast [enabled by default]
In file included from <stdin>:24:0:
/tools/cadence/SPECTRE161/tools.lnx86/spectre/ahdlcmi/include/ahdlDevLibGlobal.h:1989:37: note: expected 'void *' but argument is of type 'long int'
     ASL_FUNC_DECL_START extern long aslDevInterAddStaticElement( void *, double, struct ahdlFuncModeParam * );
                                     ^
<stdin>: In function 'bsource_098211_pDC_Load':
<stdin>:1367:976: warning: passing argument 1 of 'aslDevFillZeorDiagonalElemet' makes pointer from integer without a cast [enabled by default]
In file included from <stdin>:24:0:
/tools/cadence/SPECTRE161/tools.lnx86/spectre/ahdlcmi/include/ahdlDevLibGlobal.h:2513:37: note: expected 'void *' but argument is of type 'long int'
     ASL_FUNC_DECL_START extern void aslDevFillZeorDiagonalElemet( void *, int, unsigned int, struct ahdlFuncModeParam * );
                                     ^
<stdin>: In function 'bsource_098211_pCompare':
<stdin>:1406:2091: warning: assignment makes integer from pointer without a cast [enabled by default]
<stdin>:1406:894: warning: passing argument 1 of 'memcpy' makes pointer from integer without a cast [enabled by default]
In file included from /tools/cadence/SPECTRE161/tools.lnx86/spectre/ahdlcmi/include/ahdlPiCmi.h:5:0,
                 from /tools/cadence/SPECTRE161/tools.lnx86/spectre/ahdlcmi/include/ahdlDevLibGlobal.h:83,
                 from <stdin>:24:
/usr/include/string.h:42:14: note: expected 'void * __restrict__' but argument is of type 'long int'
 extern void *memcpy (void *__restrict __dest, const void *__restrict __src,
              ^
<stdin>:1406:894: warning: passing argument 2 of 'memcpy' makes pointer from integer without a cast [enabled by default]
In file included from /tools/cadence/SPECTRE161/tools.lnx86/spectre/ahdlcmi/include/ahdlPiCmi.h:5:0,
                 from /tools/cadence/SPECTRE161/tools.lnx86/spectre/ahdlcmi/include/ahdlDevLibGlobal.h:83,
                 from <stdin>:24:
/usr/include/string.h:42:14: note: expected 'const void * __restrict__' but argument is of type 'long int'
 extern void *memcpy (void *__restrict __dest, const void *__restrict __src,
              ^
<stdin>:1406:2333: warning: assignment makes integer from pointer without a cast [enabled by default]
<stdin>: In function 'bsource_098211_pGetMatrixPointers':
<stdin>:1412:2416: warning: assignment makes integer from pointer without a cast [enabled by default]
<stdin>: In function 'bsource_098211_pAnalTranLoad':
<stdin>:1445:1938: warning: passing argument 1 of 'aslDevFillZeorDiagonalElemet' makes pointer from integer without a cast [enabled by default]
In file included from <stdin>:24:0:
/tools/cadence/SPECTRE161/tools.lnx86/spectre/ahdlcmi/include/ahdlDevLibGlobal.h:2513:37: note: expected 'void *' but argument is of type 'long int'
     ASL_FUNC_DECL_START extern void aslDevFillZeorDiagonalElemet( void *, int, unsigned int, struct ahdlFuncModeParam * );
                                     ^
<stdin>: In function 'bsource_098211_pSaveRestart':
<stdin>:1471:545: warning: passing argument 2 of 'aslDevAvarSR' from incompatible pointer type [enabled by default]
In file included from <stdin>:24:0:
/tools/cadence/SPECTRE161/tools.lnx86/spectre/ahdlcmi/include/ahdlDevLibGlobal.h:1213:43: note: expected 'struct ahdlAnalogVar *' but argument is of type 'char *'
     ASL_FUNC_DECL_START extern PklError_e aslDevAvarSR( int, struct ahdlAnalogVar *, char *, char *, char *, PklJar_t * );
                                           ^
<stdin>: In function 'bsource_098211_pSaveRestartInst':
<stdin>:1474:547: warning: passing argument 2 of 'aslDevAvarSR' from incompatible pointer type [enabled by default]
In file included from <stdin>:24:0:
/tools/cadence/SPECTRE161/tools.lnx86/spectre/ahdlcmi/include/ahdlDevLibGlobal.h:1213:43: note: expected 'struct ahdlAnalogVar *' but argument is of type 'char *'
     ASL_FUNC_DECL_START extern PklError_e aslDevAvarSR( int, struct ahdlAnalogVar *, char *, char *, char *, PklJar_t * );
                                           ^
rm -f -rf bsource_098211.c
/tools/cadence/SPECTRE161/tools.lnx86/cdsgcc/gcc/4.8/bin/gcc -shared -O3 -m64 -fPIC -o obj/optimize/5.0/libahdlcmi_bsource_098211.so ./obj/optimize/5.0/bsource_098211.o  -Wl,-rpath,/usr/lib -Wl,-rpath,/lib -s 
